
> fitos-backend@1.0.0 build
> tsc

src/agents/injury-prevention-agent.ts(52,51): error TS2339: Property 'complete' does not exist on type 'AiClientFactory'.
src/middleware/nutrition-addon-check.ts(12,11): error TS2430: Interface 'AuthenticatedRequest' incorrectly extends interface 'Request<ParamsDictionary, any, any, ParsedQs, Record<string, any>>'.
  Types of property 'user' are incompatible.
    Property 'email' is missing in type '{ id: string; role?: string; }' but required in type '{ id: string; email: string; role: UserRole; tenantId?: string; name?: string; }'.
src/middleware/nutrition-addon-check.ts(43,34): error TS2339: Property 'nutritionAddonSubscription' does not exist on type 'PrismaClient<PrismaClientOptions, never, DefaultArgs>'.
src/routes/ai-service-configs.ts(179,7): error TS2322: Type 'AiServiceType' is not assignable to type 'AiServiceType | EnumAiServiceTypeFilter<"AiServiceConfig">'.
src/routes/ai-service-configs.ts(193,5): error TS2322: Type '{ tenantId: string; config: any; serviceName: string; serviceType: AiServiceType; providerId: string; model: string; priority?: number; isActive?: boolean; maxRequestsPerMinute?: number; costPerRequest?: number; }' is not assignable to type '(Without<AiServiceConfigCreateInput, AiServiceConfigUncheckedCreateInput> & AiServiceConfigUncheckedCreateInput) | (Without<...> & AiServiceConfigCreateInput)'.
  Type '{ tenantId: string; config: any; serviceName: string; serviceType: AiServiceType; providerId: string; model: string; priority?: number; isActive?: boolean; maxRequestsPerMinute?: number; costPerRequest?: number; }' is not assignable to type 'Without<AiServiceConfigUncheckedCreateInput, AiServiceConfigCreateInput> & AiServiceConfigCreateInput'.
    Type '{ tenantId: string; config: any; serviceName: string; serviceType: AiServiceType; providerId: string; model: string; priority?: number; isActive?: boolean; maxRequestsPerMinute?: number; costPerRequest?: number; }' is not assignable to type 'Without<AiServiceConfigUncheckedCreateInput, AiServiceConfigCreateInput>'.
      Types of property 'tenantId' are incompatible.
        Type 'string' is not assignable to type 'never'.
src/routes/ai-service-configs.ts(245,5): error TS2322: Type '{ config: any; id: string; serviceType?: AiServiceType; serviceName?: string; providerId?: string; model?: string; priority?: number; isActive?: boolean; maxRequestsPerMinute?: number; costPerRequest?: number; }' is not assignable to type '(Without<AiServiceConfigUpdateInput, AiServiceConfigUncheckedUpdateInput> & AiServiceConfigUncheckedUpdateInput) | (Without<...> & AiServiceConfigUpdateInput)'.
  Type '{ config: any; id: string; serviceType?: AiServiceType; serviceName?: string; providerId?: string; model?: string; priority?: number; isActive?: boolean; maxRequestsPerMinute?: number; costPerRequest?: number; }' is not assignable to type 'Without<AiServiceConfigUncheckedUpdateInput, AiServiceConfigUpdateInput> & AiServiceConfigUpdateInput'.
    Type '{ config: any; id: string; serviceType?: AiServiceType; serviceName?: string; providerId?: string; model?: string; priority?: number; isActive?: boolean; maxRequestsPerMinute?: number; costPerRequest?: number; }' is not assignable to type 'Without<AiServiceConfigUncheckedUpdateInput, AiServiceConfigUpdateInput>'.
      Types of property 'providerId' are incompatible.
        Type 'string' is not assignable to type 'never'.
src/routes/ai-service-configs.ts(318,7): error TS2322: Type 'AiServiceType' is not assignable to type 'AiServiceType | EnumAiServiceTypeFilter<"AiServiceConfig">'.
src/routes/exercise.routes.ts(4,10): error TS2724: '"../middleware/auth.middleware"' has no exported member named 'authMiddleware'. Did you mean 'AuthMiddleware'?
src/routes/exercise.routes.ts(15,11): error TS2430: Interface 'RequestWithTenantAndAuth' incorrectly extends interface 'RequestWithTenant'.
  Types of property 'user' are incompatible.
    Property 'email' is missing in type '{ id: string; role: string; }' but required in type '{ id: string; email: string; role: UserRole; tenantId?: string; name?: string; }'.
src/routes/exercises.ts(84,7): error TS2353: Object literal may only specify known properties, and 'page' does not exist in type 'ExerciseFilters'.
src/routes/exercises.ts(90,87): error TS2554: Expected 2 arguments, but got 3.
src/routes/exercises.ts(128,87): error TS2554: Expected 2 arguments, but got 3.
src/routes/exercises.ts(266,100): error TS2554: Expected 3 arguments, but got 4.
src/routes/exercises.ts(303,69): error TS2554: Expected 2 arguments, but got 3.
src/routes/exercises.ts(348,44): error TS2339: Property 'cloneExercise' does not exist on type 'ExerciseService'.
src/routes/exercises.ts(377,46): error TS2339: Property 'getCategories' does not exist on type 'ExerciseService'.
src/routes/exercises.ts(406,48): error TS2339: Property 'getMuscleGroups' does not exist on type 'ExerciseService'.
src/routes/exercises.ts(435,45): error TS2339: Property 'getEquipment' does not exist on type 'ExerciseService'.
src/routes/exercises.ts(465,45): error TS2339: Property 'getExercisesByCategory' does not exist on type 'ExerciseService'.
src/routes/exercises.ts(495,45): error TS2339: Property 'getExercisesByMuscleGroup' does not exist on type 'ExerciseService'.
src/routes/exercises.ts(524,45): error TS2339: Property 'exportExercisesToCSV' does not exist on type 'ExerciseService'.
src/routes/food-diary-tracking.routes.ts(26,3): error TS2769: No overload matches this call.
  The last overload gave the following error.
    Argument of type '(req: AuthenticatedRequest, res: Response, next: NextFunction) => void' is not assignable to parameter of type 'RequestHandlerParams<ParamsDictionary, any, any, ParsedQs, Record<string, any>>'.
      Type '(req: AuthenticatedRequest, res: Response, next: NextFunction) => void' is not assignable to type 'RequestHandler<ParamsDictionary, any, any, ParsedQs, Record<string, any>>'.
        Types of parameters 'req' and 'req' are incompatible.
          Type 'Request<ParamsDictionary, any, any, ParsedQs, Record<string, any>>' is not assignable to type 'AuthenticatedRequest'.
            Types of property 'user' are incompatible.
              Type '{ id: string; email: string; role: UserRole; tenantId?: string; name?: string; }' is missing the following properties from type 'User': status, createdAt, updatedAt, emailVerified
src/routes/food-diary-tracking.routes.ts(56,3): error TS2769: No overload matches this call.
  The last overload gave the following error.
    Argument of type '(req: AuthenticatedRequest, res: Response, next: NextFunction) => void' is not assignable to parameter of type 'RequestHandlerParams<ParamsDictionary, any, any, ParsedQs, Record<string, any>>'.
      Type '(req: AuthenticatedRequest, res: Response, next: NextFunction) => void' is not assignable to type 'RequestHandler<ParamsDictionary, any, any, ParsedQs, Record<string, any>>'.
        Types of parameters 'req' and 'req' are incompatible.
          Type 'Request<ParamsDictionary, any, any, ParsedQs, Record<string, any>>' is not assignable to type 'AuthenticatedRequest'.
            Types of property 'user' are incompatible.
              Type '{ id: string; email: string; role: UserRole; tenantId?: string; name?: string; }' is missing the following properties from type 'User': status, createdAt, updatedAt, emailVerified
src/routes/food-diary-tracking.routes.ts(94,3): error TS2769: No overload matches this call.
  The last overload gave the following error.
    Argument of type '(req: AuthenticatedRequest, res: Response, next: NextFunction) => void' is not assignable to parameter of type 'RequestHandlerParams<ParamsDictionary, any, any, ParsedQs, Record<string, any>>'.
      Type '(req: AuthenticatedRequest, res: Response, next: NextFunction) => void' is not assignable to type 'RequestHandler<ParamsDictionary, any, any, ParsedQs, Record<string, any>>'.
        Types of parameters 'req' and 'req' are incompatible.
          Type 'Request<ParamsDictionary, any, any, ParsedQs, Record<string, any>>' is not assignable to type 'AuthenticatedRequest'.
            Types of property 'user' are incompatible.
              Type '{ id: string; email: string; role: UserRole; tenantId?: string; name?: string; }' is missing the following properties from type 'User': status, createdAt, updatedAt, emailVerified
src/routes/food-diary-tracking.routes.ts(130,3): error TS2769: No overload matches this call.
  The last overload gave the following error.
    Argument of type '(req: AuthenticatedRequest, res: Response, next: NextFunction) => void' is not assignable to parameter of type 'RequestHandlerParams<ParamsDictionary, any, any, ParsedQs, Record<string, any>>'.
      Type '(req: AuthenticatedRequest, res: Response, next: NextFunction) => void' is not assignable to type 'RequestHandler<ParamsDictionary, any, any, ParsedQs, Record<string, any>>'.
        Types of parameters 'req' and 'req' are incompatible.
          Type 'Request<ParamsDictionary, any, any, ParsedQs, Record<string, any>>' is not assignable to type 'AuthenticatedRequest'.
            Types of property 'user' are incompatible.
              Type '{ id: string; email: string; role: UserRole; tenantId?: string; name?: string; }' is missing the following properties from type 'User': status, createdAt, updatedAt, emailVerified
src/routes/notifications.ts(41,48): error TS2551: Property 'getNotifications' does not exist on type 'NotificationService'. Did you mean 'sendNotification'?
src/routes/notifications.ts(76,48): error TS2339: Property 'markAsRead' does not exist on type 'NotificationService'.
src/routes/notifications.ts(103,48): error TS2339: Property 'markAllAsRead' does not exist on type 'NotificationService'.
src/routes/notifications.ts(135,48): error TS2339: Property 'deleteNotification' does not exist on type 'NotificationService'.
src/routes/notifications.ts(162,48): error TS2339: Property 'getNotificationStats' does not exist on type 'NotificationService'.
src/routes/nutrition-addon.routes.ts(27,41): error TS2339: Property 'listPlans' does not exist on type 'typeof NutritionAddonService'.
src/routes/nutrition-addon.routes.ts(42,56): error TS2339: Property 'getActiveSubscription' does not exist on type 'typeof NutritionAddonService'.
src/routes/nutrition-addon.routes.ts(90,49): error TS2339: Property 'createTrial' does not exist on type 'typeof NutritionAddonService'.
src/routes/nutrition-addon.routes.ts(110,35): error TS2339: Property 'cancelSubscription' does not exist on type 'typeof NutritionAddonService'.
src/routes/nutrition.routes.ts(1826,9): error TS2304: Cannot find name 'logger'.
src/routes/physical-assessment.routes.ts(4,10): error TS2724: '"../middleware/auth.middleware"' has no exported member named 'authMiddleware'. Did you mean 'AuthMiddleware'?
src/routes/physical-assessment.routes.ts(15,11): error TS2430: Interface 'RequestWithTenantAndAuth' incorrectly extends interface 'RequestWithTenant'.
  Types of property 'user' are incompatible.
    Property 'email' is missing in type '{ id: string; role: string; }' but required in type '{ id: string; email: string; role: UserRole; tenantId?: string; name?: string; }'.
src/routes/trainer-chat.routes.ts(4,10): error TS2724: '"../middleware/auth.middleware"' has no exported member named 'authMiddleware'. Did you mean 'AuthMiddleware'?
src/routes/trainer-chat.routes.ts(15,11): error TS2430: Interface 'RequestWithTenantAndAuth' incorrectly extends interface 'RequestWithTenant'.
  Types of property 'user' are incompatible.
    Property 'email' is missing in type '{ id: string; role: string; }' but required in type '{ id: string; email: string; role: UserRole; tenantId?: string; name?: string; }'.
src/routes/trainer-clients.routes.ts(49,9): error TS2353: Object literal may only specify known properties, and 'tenantId' does not exist in type 'ClientTrainerWhereInput'.
src/routes/trainer-clients.routes.ts(70,20): error TS2551: Property 'client' does not exist on type '{ id: string; clientId: string; isActive: boolean; trainerId: string; assignedAt: Date; assignedBy: string; }'. Did you mean 'clientId'?
src/routes/trainer-clients.routes.ts(71,25): error TS2551: Property 'client' does not exist on type '{ id: string; clientId: string; isActive: boolean; trainerId: string; assignedAt: Date; assignedBy: string; }'. Did you mean 'clientId'?
src/routes/trainer-clients.routes.ts(71,59): error TS2551: Property 'client' does not exist on type '{ id: string; clientId: string; isActive: boolean; trainerId: string; assignedAt: Date; assignedBy: string; }'. Did you mean 'clientId'?
src/routes/trainer-clients.routes.ts(72,23): error TS2551: Property 'client' does not exist on type '{ id: string; clientId: string; isActive: boolean; trainerId: string; assignedAt: Date; assignedBy: string; }'. Did you mean 'clientId'?
src/routes/trainer-clients.routes.ts(73,23): error TS2551: Property 'client' does not exist on type '{ id: string; clientId: string; isActive: boolean; trainerId: string; assignedAt: Date; assignedBy: string; }'. Did you mean 'clientId'?
src/routes/trainer-clients.routes.ts(74,32): error TS2551: Property 'client' does not exist on type '{ id: string; clientId: string; isActive: boolean; trainerId: string; assignedAt: Date; assignedBy: string; }'. Did you mean 'clientId'?
src/routes/trainer-clients.routes.ts(75,24): error TS2551: Property 'client' does not exist on type '{ id: string; clientId: string; isActive: boolean; trainerId: string; assignedAt: Date; assignedBy: string; }'. Did you mean 'clientId'?
src/routes/trainer-clients.routes.ts(76,24): error TS2551: Property 'client' does not exist on type '{ id: string; clientId: string; isActive: boolean; trainerId: string; assignedAt: Date; assignedBy: string; }'. Did you mean 'clientId'?
src/routes/trainer-clients.routes.ts(77,26): error TS2551: Property 'client' does not exist on type '{ id: string; clientId: string; isActive: boolean; trainerId: string; assignedAt: Date; assignedBy: string; }'. Did you mean 'clientId'?
src/routes/trainer-clients.routes.ts(78,27): error TS2551: Property 'client' does not exist on type '{ id: string; clientId: string; isActive: boolean; trainerId: string; assignedAt: Date; assignedBy: string; }'. Did you mean 'clientId'?
src/routes/trainer-clients.routes.ts(79,27): error TS2551: Property 'client' does not exist on type '{ id: string; clientId: string; isActive: boolean; trainerId: string; assignedAt: Date; assignedBy: string; }'. Did you mean 'clientId'?
src/routes/trainer-clients.routes.ts(119,9): error TS2353: Object literal may only specify known properties, and 'tenantId' does not exist in type 'ClientTrainerWhereInput'.
src/routes/trainer-stats.routes.ts(3,10): error TS2724: '"../middleware/auth.middleware"' has no exported member named 'authMiddleware'. Did you mean 'AuthMiddleware'?
src/routes/trainer-stats.routes.ts(12,11): error TS2430: Interface 'RequestWithTenantAndAuth' incorrectly extends interface 'RequestWithTenant'.
  Types of property 'user' are incompatible.
    Property 'email' is missing in type '{ id: string; role: string; }' but required in type '{ id: string; email: string; role: UserRole; tenantId?: string; name?: string; }'.
src/routes/trainer-stats.routes.ts(127,9): error TS2353: Object literal may only specify known properties, and 'tenantId' does not exist in type 'ClientTrainerWhereInput'.
src/routes/trainer-stats.routes.ts(135,9): error TS2353: Object literal may only specify known properties, and 'tenantId' does not exist in type 'ClientTrainerWhereInput'.
src/routes/trainer-stats.routes.ts(146,9): error TS2353: Object literal may only specify known properties, and 'tenantId' does not exist in type 'ClientTrainerWhereInput'.
src/routes/training-program.routes.ts(4,10): error TS2724: '"../middleware/auth.middleware"' has no exported member named 'authMiddleware'. Did you mean 'AuthMiddleware'?
src/routes/training-program.routes.ts(15,11): error TS2430: Interface 'RequestWithTenantAndAuth' incorrectly extends interface 'RequestWithTenant'.
  Types of property 'user' are incompatible.
    Property 'email' is missing in type '{ id: string; role: string; }' but required in type '{ id: string; email: string; role: UserRole; tenantId?: string; name?: string; }'.
src/services/ai-provider.service.ts(322,9): error TS2322: Type 'AiServiceType' is not assignable to type 'AiServiceType | EnumAiServiceTypeFilter<"AiServiceConfig">'.
src/services/ai-provider.service.ts(344,36): error TS2551: Property 'provider' does not exist on type '{ createdAt: Date; id: string; tenantId: string; updatedAt: Date; costPerRequest: number; model: string; isActive: boolean; config: JsonValue; serviceType: AiServiceType; serviceName: string; providerId: string; priority: number; maxRequestsPerMinute: number; }'. Did you mean 'providerId'?
src/services/bioimpedance.service.ts(224,38): error TS2339: Property 'createBioimpedanceNotification' does not exist on type 'NotificationService'.
src/services/bioimpedance.service.ts(1076,19): error TS2353: Object literal may only specify known properties, and 'birthDate' does not exist in type 'ClientSelect<DefaultArgs>'.
src/services/bioimpedance.service.ts(1079,52): error TS2339: Property 'birthDate' does not exist on type '{ email: string; createdAt: Date; id: string; phone: string; status: string; tenantId: string; updatedAt: Date; name: string; userId: string; membershipType: string; biometricData: JsonValue; goals: JsonValue; }'.
src/services/bioimpedance.service.ts(1079,89): error TS2339: Property 'birthDate' does not exist on type '{ email: string; createdAt: Date; id: string; phone: string; status: string; tenantId: string; updatedAt: Date; name: string; userId: string; membershipType: string; biometricData: JsonValue; goals: JsonValue; }'.
src/services/bioimpedance.service.ts(1080,58): error TS2339: Property 'gender' does not exist on type '{ email: string; createdAt: Date; id: string; phone: string; status: string; tenantId: string; updatedAt: Date; name: string; userId: string; membershipType: string; biometricData: JsonValue; goals: JsonValue; }'.
src/services/bioimpedance.service.ts(1081,57): error TS2339: Property 'height' does not exist on type '{ email: string; createdAt: Date; id: string; phone: string; status: string; tenantId: string; updatedAt: Date; name: string; userId: string; membershipType: string; biometricData: JsonValue; goals: JsonValue; }'.
src/services/bioimpedance.service.ts(1146,11): error TS2353: Object literal may only specify known properties, and 'inbodyDataSource' does not exist in type '(Without<BioimpedanceMeasurementCreateInput, BioimpedanceMeasurementUncheckedCreateInput> & BioimpedanceMeasurementUncheckedCreateInput) | (Without<...> & BioimpedanceMeasurementCreateInput)'.
src/services/bioimpedance.service.ts(1161,9): error TS2322: Type '"measurement_created"' is not assignable to type '"success" | "error" | "warning" | "info"'.
src/services/bioimpedance.service.ts(1167,31): error TS2339: Property 'log' does not exist on type 'AuditService'.
src/services/cloudinary.service.ts(428,34): error TS2551: Property 'trackCloudinaryCost' does not exist on type 'CostTrackerService'. Did you mean 'trackCloudinaryUsage'?
src/services/nutrition-addon.service.ts(111,41): error TS2339: Property 'nutritionAddonSubscription' does not exist on type 'PrismaClient<PrismaClientOptions, never, DefaultArgs>'.
src/services/nutrition-addon.service.ts(141,41): error TS2339: Property 'nutritionAddonSubscription' does not exist on type 'PrismaClient<PrismaClientOptions, never, DefaultArgs>'.
src/services/nutrition-addon.service.ts(207,41): error TS2339: Property 'nutritionAddonSubscription' does not exist on type 'PrismaClient<PrismaClientOptions, never, DefaultArgs>'.
src/services/nutrition-addon.service.ts(224,20): error TS2339: Property 'nutritionAddonSubscription' does not exist on type 'PrismaClient<PrismaClientOptions, never, DefaultArgs>'.
src/services/nutrition-addon.service.ts(241,20): error TS2339: Property 'nutritionAddonSubscription' does not exist on type 'PrismaClient<PrismaClientOptions, never, DefaultArgs>'.
src/services/nutrition-addon.service.ts(262,42): error TS2339: Property 'nutritionAddonSubscription' does not exist on type 'PrismaClient<PrismaClientOptions, never, DefaultArgs>'.
src/services/nutrition-addon.service.ts(279,34): error TS2339: Property 'nutritionAddonSubscription' does not exist on type 'PrismaClient<PrismaClientOptions, never, DefaultArgs>'.
src/services/nutrition/ai-food-recognition.service.ts(11,31): error TS2307: Cannot find module '../../../shared/types/ai.types' or its corresponding type declarations.
src/services/nutrition/ai-food-recognition.service.ts(73,45): error TS2339: Property 'complete' does not exist on type 'AiClientFactory'.
src/services/nutrition/ai-food-recognition.service.ts(145,17): error TS2353: Object literal may only specify known properties, and 'matchScore' does not exist in type 'FoodOrderByWithRelationInput'.
src/services/nutrition/ai-food-swap.service.ts(9,31): error TS2307: Cannot find module '../../../shared/types/ai.types' or its corresponding type declarations.
src/services/nutrition/ai-food-swap.service.ts(68,45): error TS2339: Property 'complete' does not exist on type 'AiClientFactory'.
src/services/nutrition/ai-meal-planner.service.ts(9,31): error TS2307: Cannot find module '../../../shared/types/ai.types' or its corresponding type declarations.
src/services/nutrition/ai-meal-planner.service.ts(74,45): error TS2339: Property 'complete' does not exist on type 'AiClientFactory'.
src/services/nutrition/ai-nutrition-coach.service.ts(10,31): error TS2307: Cannot find module '../../../shared/types/ai.types' or its corresponding type declarations.
src/services/nutrition/ai-nutrition-coach.service.ts(70,45): error TS2339: Property 'complete' does not exist on type 'AiClientFactory'.
src/services/nutrition/ai-nutrition-coach.service.ts(132,11): error TS2353: Object literal may only specify known properties, and 'protein' does not exist in type 'FoodDiaryEntrySumAggregateInputType'.
src/services/nutrition/ai-nutrition-coach.service.ts(145,33): error TS2339: Property 'protein' does not exist on type '{ quantity?: number; calories?: number; }'.
src/services/nutrition/ai-nutrition-coach.service.ts(149,31): error TS2339: Property 'preferences' does not exist on type '{ mealPlans: { createdAt: Date; id: string; tenantId: string; updatedAt: Date; name: string; description: string; clientId: string; isActive: boolean; nutritionistId: string; startDate: Date; ... 4 more ...; totalFat: number; }[]; } & { ...; }'.
src/services/nutrition/ai-pattern-analysis.service.ts(9,31): error TS2307: Cannot find module '../../../shared/types/ai.types' or its corresponding type declarations.
src/services/nutrition/ai-pattern-analysis.service.ts(62,45): error TS2339: Property 'complete' does not exist on type 'AiClientFactory'.
src/services/nutrition/anamnesis-ai.service.ts(50,51): error TS2339: Property 'complete' does not exist on type 'AiClientFactory'.
src/services/nutrition/anamnesis-ai.service.ts(177,51): error TS2339: Property 'complete' does not exist on type 'AiClientFactory'.
src/services/nutrition/exam-interpretation.service.ts(40,51): error TS2339: Property 'complete' does not exist on type 'AiClientFactory'.
src/services/nutrition/food-diary-tracking.service.ts(215,74): error TS2554: Expected 1 arguments, but got 2.
src/services/nutrition/health-questionnaire.service.ts(31,42): error TS2339: Property 'healthQuestionnaire' does not exist on type 'PrismaClient<PrismaClientOptions, never, DefaultArgs>'.
src/services/nutrition/health-questionnaire.service.ts(80,43): error TS2339: Property 'healthQuestionnaire' does not exist on type 'PrismaClient<PrismaClientOptions, never, DefaultArgs>'.
src/services/nutrition/health-questionnaire.service.ts(104,37): error TS2339: Property 'questionnaireResponse' does not exist on type 'PrismaClient<PrismaClientOptions, never, DefaultArgs>'.
src/services/nutrition/health-questionnaire.service.ts(117,20): error TS2339: Property 'healthQuestionnaire' does not exist on type 'PrismaClient<PrismaClientOptions, never, DefaultArgs>'.
src/services/nutrition/health-questionnaire.service.ts(135,38): error TS2339: Property 'questionnaireResponse' does not exist on type 'PrismaClient<PrismaClientOptions, never, DefaultArgs>'.
src/services/nutrition/maternal-child.service.ts(41,39): error TS2339: Property 'maternalAssessment' does not exist on type 'PrismaClient<PrismaClientOptions, never, DefaultArgs>'.
src/services/nutrition/maternal-child.service.ts(70,40): error TS2339: Property 'maternalAssessment' does not exist on type 'PrismaClient<PrismaClientOptions, never, DefaultArgs>'.
src/services/nutrition/maternal-child.service.ts(99,39): error TS2339: Property 'childAssessment' does not exist on type 'PrismaClient<PrismaClientOptions, never, DefaultArgs>'.
src/services/nutrition/maternal-child.service.ts(127,40): error TS2339: Property 'childAssessment' does not exist on type 'PrismaClient<PrismaClientOptions, never, DefaultArgs>'.
src/services/nutrition/meal-plan-template.service.ts(61,38): error TS2339: Property 'mealPlanTemplate' does not exist on type 'PrismaClient<PrismaClientOptions, never, DefaultArgs>'.
src/services/nutrition/meal-plan-template.service.ts(78,37): error TS2339: Property 'mealPlanTemplate' does not exist on type 'PrismaClient<PrismaClientOptions, never, DefaultArgs>'.
src/services/nutrition/meal-plan-template.service.ts(94,37): error TS2339: Property 'mealPlanTemplate' does not exist on type 'PrismaClient<PrismaClientOptions, never, DefaultArgs>'.
src/services/nutrition/meal-plan-template.service.ts(120,37): error TS2339: Property 'mealPlanTemplate' does not exist on type 'PrismaClient<PrismaClientOptions, never, DefaultArgs>'.
src/services/nutrition/nutrition-goals-ai.service.ts(50,51): error TS2339: Property 'complete' does not exist on type 'AiClientFactory'.
src/services/nutrition/nutrition-goals-ai.service.ts(89,51): error TS2339: Property 'complete' does not exist on type 'AiClientFactory'.
src/services/nutrition/photo-body-analysis.service.ts(6,20): error TS2307: Cannot find module 'openai' or its corresponding type declarations.
src/services/nutrition/photo-body-analysis.service.ts(106,7): error TS2322: Type '{ fullAnalysis: { bodyComposition: any; recommendations: string[]; confidence: number; observations: string[]; }; estimatedWeight?: number; estimatedHeight?: number; estimatedBMI?: number; estimatedBodyFat?: number; ... 4 more ...; estimatedVisceralFat?: number; }' is not assignable to type 'PhotoAnalysisResult'.
  Property 'estimatedWeight' is optional in type '{ fullAnalysis: { bodyComposition: any; recommendations: string[]; confidence: number; observations: string[]; }; estimatedWeight?: number; estimatedHeight?: number; estimatedBMI?: number; estimatedBodyFat?: number; ... 4 more ...; estimatedVisceralFat?: number; }' but required in type 'PhotoAnalysisResult'.
src/services/professional-crm.service.ts(122,38): error TS2339: Property 'create' does not exist on type 'NotificationService'.
src/services/professional-crm.service.ts(406,38): error TS2339: Property 'createCRMTaskNotification' does not exist on type 'NotificationService'.
src/services/scheduling.service.ts(134,38): error TS2339: Property 'create' does not exist on type 'NotificationService'.
src/services/scheduling.service.ts(219,38): error TS2339: Property 'create' does not exist on type 'NotificationService'.
../shared/types/ai.types.ts(418,14): error TS2739: Type '{ CHAT: string; MULTIAGENT_CHAT: string; VOICE_WORKOUT_COACH: string; VIRTUAL_WORKOUT_BUDDY: string; FORM_FILLING_ASSISTANT: string; IMAGE_ANALYSIS: string; VIDEO_ANALYSIS: string; POSTURE_ANALYSIS: string; ... 33 more ...; CUSTOM: string; }' is missing the following properties from type 'AiServiceTypeDisplayName': FOOD_RECOGNITION, NUTRITION_COACH_CHAT, AI_MEAL_PLANNER, PATTERN_ANALYSIS, FOOD_SWAP_SUGGESTIONS
npm error Lifecycle script `build` failed with error:
npm error code 1
npm error path E:\Documentos\Desenvolvimento\Sistudo\fitOS\src\backend
npm error workspace fitos-backend@1.0.0
npm error location E:\Documentos\Desenvolvimento\Sistudo\fitOS\src\backend
npm error command failed
npm error command C:\WINDOWS\system32\cmd.exe /d /s /c tsc
